<?xml version="1.0" encoding="UTF-8"?>
<testsuite name="thesis.ICMapTest" tests="4" skipped="0" failures="0" errors="0" timestamp="2025-07-28T17:02:02" hostname="MacBook-Pro.local" time="0.029">
  <properties/>
  <testcase name="testPutOpThreads" classname="thesis.ICMapTest" time="0.028"/>
  <testcase name="testGetOp" classname="thesis.ICMapTest" time="0.001"/>
  <testcase name="testPutOp" classname="thesis.ICMapTest" time="0.0"/>
  <testcase name="testRemoveOp" classname="thesis.ICMapTest" time="0.0"/>
  <system-out><![CDATA[]]></system-out>
  <system-err><![CDATA[]]></system-err>
</testsuite>
